<?xml version="1.0" encoding="UTF-8"?>
<!-- Generated by org.testng.reporters.JUnitReportReporter -->
<testsuite hostname="Krish" failures="0" tests="2" name="Practice.one" time="5.645" errors="0" timestamp="2025-06-09T22:37:10 IST" skipped="0">
  <testcase classname="Practice.one" name="login" time="5.643"/>
  <testcase classname="Practice.one" name="log3ut" time="0.002"/>
</testsuite> <!-- Practice.one -->
