<?xml version="1.0" encoding="UTF-8"?>
<!-- Generated by org.testng.reporters.JUnitReportReporter -->
<testsuite hostname="Krish" failures="0" tests="3" name="Practice.Testngone" time="7.503" errors="0" timestamp="2025-06-11T22:07:51 IST" skipped="0">
  <testcase classname="Practice.Testngone" name="operation" time="0.036"/>
  <testcase classname="Practice.Testngone" name="logout" time="0.005"/>
  <testcase classname="Practice.Testngone" name="login" time="7.462"/>
</testsuite> <!-- Practice.Testngone -->
