<?xml version="1.0" encoding="UTF-8"?>
<!-- Generated by org.testng.reporters.JUnitReportReporter -->
<testsuite hostname="Krish" failures="0" tests="1" name="Practice.Testngclass" time="11.030" errors="0" timestamp="2025-06-12T15:05:39 IST" skipped="0">
  <testcase classname="Practice.Testngclass" name="f2" time="11.030"/>
</testsuite> <!-- Practice.Testngclass -->
